<?xml version="1.0" encoding="UTF-8" standalone="no"?>
<testsuite errors="0" failures="1" name="io.cucumber.core.plugin.JUnitFormatter" skipped="0" tests="5" time="190.315">
    <testcase classname="US1003 Kullanici parametre olarak girilen degerleri aratir" name="TC03 Kullanici Parametreli method ile Nutella aratir" time="35.622">
        <failure message="no such element: Unable to locate element: {&quot;method&quot;:&quot;css selector&quot;,&quot;selector&quot;:&quot;#twotabsearchtextbox&quot;}&#10;  (Session info: chrome=109.0.5414.74)&#10;For documentation on this error, please visit: https://selenium.dev/exceptions/#no_such_element&#10;Build info: version: '4.5.3', revision: '4b786a1e430'&#10;System info: os.name: 'Windows 10', os.arch: 'amd64', os.version: '10.0', java.version: '19.0.1'&#10;Driver info: org.openqa.selenium.chrome.ChromeDriver&#10;Command: [8709f6affe4bc477112a77fcec8e545d, findElement {using=id, value=twotabsearchtextbox}]&#10;Capabilities {acceptInsecureCerts: false, browserName: chrome, browserVersion: 109.0.5414.74, chrome: {chromedriverVersion: 109.0.5414.74 (e7c5703604da..., userDataDir: C:\Users\Lenovo\AppData\Loc...}, goog:chromeOptions: {debuggerAddress: localhost:63165}, networkConnectionEnabled: false, pageLoadStrategy: normal, platformName: WINDOWS, proxy: Proxy(), se:cdp: ws://localhost:63165/devtoo..., se:cdpVersion: 109.0.5414.74, setWindowRect: true, strictFileInteractability: false, timeouts: {implicit: 0, pageLoad: 300000, script: 30000}, unhandledPromptBehavior: dismiss and notify, webauthn:extension:credBlob: true, webauthn:extension:largeBlob: true, webauthn:virtualAuthenticators: true}&#10;Session ID: 8709f6affe4bc477112a77fcec8e545d" type="org.openqa.selenium.NoSuchElementException"><![CDATA[Given kullanici amazon anasayfaya gider.....................................passed
Then amazon arama kutusuna "Nutella" yazip aratir...........................failed
And arama sonuclarinin "Nutella" icerdigini test eder.......................skipped
And sayfayi kapatir.........................................................skipped

StackTrace:
org.openqa.selenium.NoSuchElementException: no such element: Unable to locate element: {"method":"css selector","selector":"#twotabsearchtextbox"}
  (Session info: chrome=109.0.5414.74)
For documentation on this error, please visit: https://selenium.dev/exceptions/#no_such_element
Build info: version: '4.5.3', revision: '4b786a1e430'
System info: os.name: 'Windows 10', os.arch: 'amd64', os.version: '10.0', java.version: '19.0.1'
Driver info: org.openqa.selenium.chrome.ChromeDriver
Command: [8709f6affe4bc477112a77fcec8e545d, findElement {using=id, value=twotabsearchtextbox}]
Capabilities {acceptInsecureCerts: false, browserName: chrome, browserVersion: 109.0.5414.74, chrome: {chromedriverVersion: 109.0.5414.74 (e7c5703604da..., userDataDir: C:\Users\Lenovo\AppData\Loc...}, goog:chromeOptions: {debuggerAddress: localhost:63165}, networkConnectionEnabled: false, pageLoadStrategy: normal, platformName: WINDOWS, proxy: Proxy(), se:cdp: ws://localhost:63165/devtoo..., se:cdpVersion: 109.0.5414.74, setWindowRect: true, strictFileInteractability: false, timeouts: {implicit: 0, pageLoad: 300000, script: 30000}, unhandledPromptBehavior: dismiss and notify, webauthn:extension:credBlob: true, webauthn:extension:largeBlob: true, webauthn:virtualAuthenticators: true}
Session ID: 8709f6affe4bc477112a77fcec8e545d
	at java.base/jdk.internal.reflect.DirectConstructorHandleAccessor.newInstance(DirectConstructorHandleAccessor.java:67)
	at java.base/java.lang.reflect.Constructor.newInstanceWithCaller(Constructor.java:500)
	at java.base/java.lang.reflect.Constructor.newInstance(Constructor.java:484)
	at org.openqa.selenium.remote.codec.w3c.W3CHttpResponseCodec.createException(W3CHttpResponseCodec.java:200)
	at org.openqa.selenium.remote.codec.w3c.W3CHttpResponseCodec.decode(W3CHttpResponseCodec.java:133)
	at org.openqa.selenium.remote.codec.w3c.W3CHttpResponseCodec.decode(W3CHttpResponseCodec.java:53)
	at org.openqa.selenium.remote.HttpCommandExecutor.execute(HttpCommandExecutor.java:184)
	at org.openqa.selenium.remote.service.DriverCommandExecutor.invokeExecute(DriverCommandExecutor.java:167)
	at org.openqa.selenium.remote.service.DriverCommandExecutor.execute(DriverCommandExecutor.java:142)
	at org.openqa.selenium.remote.RemoteWebDriver.execute(RemoteWebDriver.java:541)
	at org.openqa.selenium.remote.ElementLocation$ElementFinder$2.findElement(ElementLocation.java:162)
	at org.openqa.selenium.remote.ElementLocation.findElement(ElementLocation.java:66)
	at org.openqa.selenium.remote.RemoteWebDriver.findElement(RemoteWebDriver.java:365)
	at org.openqa.selenium.remote.RemoteWebDriver.findElement(RemoteWebDriver.java:357)
	at org.openqa.selenium.support.pagefactory.DefaultElementLocator.findElement(DefaultElementLocator.java:70)
	at org.openqa.selenium.support.pagefactory.internal.LocatingElementHandler.invoke(LocatingElementHandler.java:39)
	at jdk.proxy2/jdk.proxy2.$Proxy24.sendKeys(Unknown Source)
	at stepdefinitions.AmazonStepdefinitions.amazonAramaKutusunaYazipAratir(AmazonStepdefinitions.java:77)
	at âœ½.amazon arama kutusuna "Nutella" yazip aratir(file:///C:/Asoftware/com.CucumberTeam105/src/test/resources/features/US1003_ParametreIleCokluArama.feature:8)
]]></failure>
    </testcase>
    <testcase classname="US1003 Kullanici parametre olarak girilen degerleri aratir" name="TC05 Kullanici Parametreli method ile Samsung aratir" time="56.265">
        <system-out><![CDATA[Given kullanici amazon anasayfaya gider.....................................passed
Then amazon arama kutusuna "Hiyar" yazip aratir.............................passed
And arama sonuclarinin "Hiyar" icerdigini test eder.........................passed
And sayfayi kapatir.........................................................passed
]]></system-out>
    </testcase>
    <testcase classname="US1005 Kullanici configuration.properties'de yazilan datalari parametre olarak kullanir" name="TC06 Kullanici amazon sitesine gidisi test eder" time="33.64">
        <system-out><![CDATA[Given kullanici "amazonUrl" anasayfaya gider................................passed
Then url de "amazon" oldugunu test eder.....................................passed
And sayfayi kapatir.........................................................passed
]]></system-out>
    </testcase>
    <testcase classname="US1005 Kullanici configuration.properties'de yazilan datalari parametre olarak kullanir" name="TC07 Kullanici wisequarter sitesine gidisi test eder" time="32.975">
        <system-out><![CDATA[Given kullanici "wqUrl" anasayfaya gider....................................passed
Then url de "wisequarter" oldugunu test eder................................passed
And sayfayi kapatir.........................................................passed
]]></system-out>
    </testcase>
    <testcase classname="US1005 Kullanici configuration.properties'de yazilan datalari parametre olarak kullanir" name="TC08 Kullanici walmart sitesine gidisi test eder" time="31.264">
        <system-out><![CDATA[Given kullanici "walmartUrl" anasayfaya gider...............................passed
Then url de "walmart" oldugunu test eder....................................passed
And sayfayi kapatir.........................................................passed
]]></system-out>
    </testcase>
</testsuite>
